c:\users\kihey\documents\visual studio 2017\projects\mainserver\mainserver\x64\debug\vc141.pdb
c:\users\kihey\documents\visual studio 2017\projects\mainserver\mainserver\x64\debug\vc141.idb
c:\users\kihey\documents\visual studio 2017\projects\mainserver\mainserver\x64\debug\gameroom.obj
c:\users\kihey\documents\visual studio 2017\projects\mainserver\mainserver\x64\debug\gameroommanager.obj
c:\users\kihey\documents\visual studio 2017\projects\mainserver\mainserver\x64\debug\logmanager.obj
c:\users\kihey\documents\visual studio 2017\projects\mainserver\mainserver\x64\debug\mainserver.obj
c:\users\kihey\documents\visual studio 2017\projects\mainserver\mainserver\x64\debug\networksession.obj
c:\users\kihey\documents\visual studio 2017\projects\mainserver\mainserver\x64\debug\crypt.obj
c:\users\kihey\documents\visual studio 2017\projects\mainserver\mainserver\x64\debug\encryption.obj
c:\users\kihey\documents\visual studio 2017\projects\mainserver\mainserver\x64\debug\iocpmanager.obj
c:\users\kihey\documents\visual studio 2017\projects\mainserver\mainserver\x64\debug\mysqlmanager.obj
c:\users\kihey\documents\visual studio 2017\projects\mainserver\mainserver\x64\debug\packet.obj
c:\users\kihey\documents\visual studio 2017\projects\mainserver\mainserver\x64\debug\packetio.obj
c:\users\kihey\documents\visual studio 2017\projects\mainserver\mainserver\x64\debug\sessionmanager.obj
c:\users\kihey\documents\visual studio 2017\projects\mainserver\mainserver\x64\debug\stream.obj
c:\users\kihey\documents\visual studio 2017\projects\mainserver\mainserver\x64\debug\mysqlquery.obj
c:\users\kihey\documents\visual studio 2017\projects\mainserver\mainserver\x64\debug\loginpacket.obj
c:\users\kihey\documents\visual studio 2017\projects\mainserver\mainserver\x64\debug\mainserver.pch
c:\users\kihey\documents\visual studio 2017\projects\mainserver\mainserver\x64\debug\stdafx.obj
c:\users\kihey\documents\visual studio 2017\projects\mainserver\x64\debug\mainserver.ilk
c:\users\kihey\documents\visual studio 2017\projects\mainserver\x64\debug\mainserver.exe
c:\users\kihey\documents\visual studio 2017\projects\mainserver\x64\debug\mainserver.pdb
c:\users\kihey\desktop\졸업작품\업로드\senierproject-chessserver\mainserver\mainserver\x64\debug\circularbuffer.obj
c:\users\kihey\desktop\졸업작품\업로드\senierproject-chessserver\mainserver\mainserver\x64\debug\crypt.obj
c:\users\kihey\desktop\졸업작품\업로드\senierproject-chessserver\mainserver\mainserver\x64\debug\encryption.obj
c:\users\kihey\desktop\졸업작품\업로드\senierproject-chessserver\mainserver\mainserver\x64\debug\gameroom.obj
c:\users\kihey\desktop\졸업작품\업로드\senierproject-chessserver\mainserver\mainserver\x64\debug\gameroommanager.obj
c:\users\kihey\desktop\졸업작품\업로드\senierproject-chessserver\mainserver\mainserver\x64\debug\iocpmanager.obj
c:\users\kihey\desktop\졸업작품\업로드\senierproject-chessserver\mainserver\mainserver\x64\debug\loginpacket.obj
c:\users\kihey\desktop\졸업작품\업로드\senierproject-chessserver\mainserver\mainserver\x64\debug\logmanager.obj
c:\users\kihey\desktop\졸업작품\업로드\senierproject-chessserver\mainserver\mainserver\x64\debug\mainserver.obj
c:\users\kihey\desktop\졸업작품\업로드\senierproject-chessserver\mainserver\mainserver\x64\debug\mysqlmanager.obj
c:\users\kihey\desktop\졸업작품\업로드\senierproject-chessserver\mainserver\mainserver\x64\debug\mysqlquery.obj
c:\users\kihey\desktop\졸업작품\업로드\senierproject-chessserver\mainserver\mainserver\x64\debug\networksession.obj
c:\users\kihey\desktop\졸업작품\업로드\senierproject-chessserver\mainserver\mainserver\x64\debug\packet.obj
c:\users\kihey\desktop\졸업작품\업로드\senierproject-chessserver\mainserver\mainserver\x64\debug\packetio.obj
c:\users\kihey\desktop\졸업작품\업로드\senierproject-chessserver\mainserver\mainserver\x64\debug\sessionmanager.obj
c:\users\kihey\desktop\졸업작품\업로드\senierproject-chessserver\mainserver\mainserver\x64\debug\stdafx.obj
c:\users\kihey\desktop\졸업작품\업로드\senierproject-chessserver\mainserver\mainserver\x64\debug\stream.obj
c:\users\kihey\desktop\졸업작품\업로드\senierproject-chessserver\mainserver\mainserver\x64\debug\encryption.obj.enc
c:\users\kihey\desktop\졸업작품\업로드\senierproject-chessserver\mainserver\mainserver\x64\debug\gameroom.obj.enc
c:\users\kihey\desktop\졸업작품\업로드\senierproject-chessserver\mainserver\mainserver\x64\debug\gameroommanager.obj.enc
c:\users\kihey\desktop\졸업작품\업로드\senierproject-chessserver\mainserver\mainserver\x64\debug\iocpmanager.obj.enc
c:\users\kihey\desktop\졸업작품\업로드\senierproject-chessserver\mainserver\mainserver\x64\debug\mysqlmanager.obj.enc
c:\users\kihey\desktop\졸업작품\업로드\senierproject-chessserver\mainserver\mainserver\x64\debug\networksession.obj.enc
c:\users\kihey\desktop\졸업작품\업로드\senierproject-chessserver\mainserver\mainserver\x64\debug\stream.obj.enc
c:\users\kihey\desktop\졸업작품\업로드\senierproject-chessserver\mainserver\mainserver\x64\debug\vc141.idb
c:\users\kihey\desktop\졸업작품\업로드\senierproject-chessserver\mainserver\mainserver\x64\debug\vc142.idb
c:\users\kihey\desktop\졸업작품\업로드\senierproject-chessserver\mainserver\mainserver\x64\debug\vc141.pdb
c:\users\kihey\desktop\졸업작품\업로드\senierproject-chessserver\mainserver\mainserver\x64\debug\vc142.pdb
c:\users\kihey\desktop\졸업작품\업로드\senierproject-chessserver\mainserver\x64\debug\mainserver.pdb
c:\users\kihey\desktop\졸업작품\업로드\senierproject-chessserver\mainserver\x64\debug\mainserver.exe
c:\users\kihey\desktop\졸업작품\업로드\senierproject-chessserver\mainserver\x64\debug\mainserver.ilk
c:\users\kihey\desktop\졸업작품\업로드\senierproject-chessserver\mainserver\mainserver\x64\debug\mainserver.tlog\cl.command.1.tlog
c:\users\kihey\desktop\졸업작품\업로드\senierproject-chessserver\mainserver\mainserver\x64\debug\mainserver.tlog\cl.read.1.tlog
c:\users\kihey\desktop\졸업작품\업로드\senierproject-chessserver\mainserver\mainserver\x64\debug\mainserver.tlog\cl.write.1.tlog
c:\users\kihey\desktop\졸업작품\업로드\senierproject-chessserver\mainserver\mainserver\x64\debug\mainserver.tlog\link.command.1.tlog
c:\users\kihey\desktop\졸업작품\업로드\senierproject-chessserver\mainserver\mainserver\x64\debug\mainserver.tlog\link.read.1.tlog
c:\users\kihey\desktop\졸업작품\업로드\senierproject-chessserver\mainserver\mainserver\x64\debug\mainserver.tlog\link.write.1.tlog
